<?xml version="1.0" encoding="UTF-8"?>
<testsuite xmlns:xsi="http://www.w3.org/2001/XMLSchema-instance" xsi:noNamespaceSchemaLocation="https://maven.apache.org/surefire/maven-surefire-plugin/xsd/surefire-test-report-3.0.xsd" version="3.0" name="com.example.springboot.HelloControllerTest" time="5.261" tests="4" errors="0" skipped="0" failures="0">
  <properties>
[...]
</properties>
  <testcase name="testGetCartHotels" classname="com.example.springboot.HelloControllerTest" time="2.622">
    <system-out><![CDATA[10:59:47.205 [main] INFO org.springframework.test.context.support.AnnotationConfigContextLoaderUtils -- Could not detect default configuration classes for test class [com.example.springboot.HelloControllerTest]: HelloControllerTest does not declare any static, non-private, non-final, nested classes annotated with @Configuration.
10:59:47.305 [main] INFO org.springframework.boot.test.context.SpringBootTestContextBootstrapper -- Found @SpringBootConfiguration com.example.springboot.Application for test class com.example.springboot.HelloControllerTest
  .   ____          _            __ _ _
 /\\ / ___'_ __ _ _(_)_ __  __ _ \ \ \ \
( ( )\___ | '_ | '_| | '_ \/ _` | \ \ \ \
 \\/  ___)| |_)| | | | | || (_| |  ) ) ) )
  '  |____| .__|_| |_|_| |_\__, | / / / /
 =========|_|==============|___/=/_/_/_/

 :: Spring Boot ::                (v3.3.0)

2025-01-28T10:59:47.581Z  INFO 6014 --- [           main] c.e.springboot.HelloControllerTest       : Starting HelloControllerTest using Java 23.0.2 with PID 6014 (started by john in /Users/john/repos/tourism-app/gs-spring-boot/complete)
2025-01-28T10:59:47.583Z  INFO 6014 --- [           main] c.e.springboot.HelloControllerTest       : No active profile set, falling back to 1 default profile: "default"
2025-01-28T10:59:49.075Z  WARN 6014 --- [           main] .b.a.g.t.GroovyTemplateAutoConfiguration : Cannot find template location: classpath:/templates/ (please add some templates, check your Groovy configuration, or set spring.groovy.template.check-template-location=false)
2025-01-28T10:59:49.265Z  INFO 6014 --- [           main] o.s.b.t.m.w.SpringBootMockServletContext : Initializing Spring TestDispatcherServlet ''
2025-01-28T10:59:49.266Z  INFO 6014 --- [           main] o.s.t.web.servlet.TestDispatcherServlet  : Initializing Servlet ''
2025-01-28T10:59:49.276Z  INFO 6014 --- [           main] o.s.b.a.e.web.EndpointLinksResolver      : Exposing 1 endpoint beneath base path '/actuator'
2025-01-28T10:59:49.282Z  INFO 6014 --- [           main] o.s.t.web.servlet.TestDispatcherServlet  : Completed initialization in 16 ms
2025-01-28T10:59:49.325Z  INFO 6014 --- [           main] c.e.springboot.HelloControllerTest       : Started HelloControllerTest in 1.933 seconds (process running for 2.659)
]]></system-out>
    <system-err><![CDATA[WARNING: A Java agent has been loaded dynamically (/Users/john/.m2/repository/net/bytebuddy/byte-buddy-agent/1.14.16/byte-buddy-agent-1.14.16.jar)
WARNING: If a serviceability tool is in use, please run with -XX:+EnableDynamicAgentLoading to hide this warning
WARNING: If a serviceability tool is not in use, please run with -Djdk.instrument.traceUsage for more information
WARNING: Dynamic loading of agents will be disallowed by default in a future release
]]></system-err>
  </testcase>
  <testcase name="testGetFlights" classname="com.example.springboot.HelloControllerTest" time="0.077"/>
  <testcase name="testGetCartFlights" classname="com.example.springboot.HelloControllerTest" time="0.14"/>
  <testcase name="testGetHotels" classname="com.example.springboot.HelloControllerTest" time="0.078"/>
</testsuite>